Build started 11/25/2014 11:29:41 AM.
     1>Project "E:\visual studio projects\upr1\upr1 zad 5,6,7,8,9\upr1zad6\upr1zad6.vcxproj" on node 2 (Build target(s)).
     1>C:\Program Files (x86)\MSBuild\Microsoft.Cpp\v4.0\V120\Microsoft.CppBuild.targets(381,5): warning MSB8028: The intermediate directory (Debug\) contains files shared from another project (upr1zad6.vcxproj).  This can lead to incorrect clean and rebuild behavior.
     1>ClCompile:
         C:\Program Files (x86)\Microsoft Visual Studio 12.0\VC\bin\CL.exe /c /ZI /nologo /W3 /WX- /Od /Oy- /D WIN32 /D _DEBUG /D _CONSOLE /D _LIB /D _UNICODE /D UNICODE /Gm /EHsc /RTC1 /MDd /GS /fp:precise /Zc:wchar_t /Zc:forScope /Fo"Debug\\" /Fd"Debug\vc120.pdb" /Gd /TP /analyze- /errorReport:prompt 9zad1upr.cpp zad6.cpp zada4a7.cpp zada4a8upr1.cpp zadacha3.cpp
         zadacha3.cpp
         Generating Code...
         Skipping... (no relevant changes detected)
         zada4a8upr1.cpp
         zada4a7.cpp
         zad6.cpp
         9zad1upr.cpp
       Link:
         C:\Program Files (x86)\Microsoft Visual Studio 12.0\VC\bin\link.exe /ERRORREPORT:PROMPT /OUT:"E:\visual studio projects\upr1\upr1 zad 5,6,7,8,9\Debug\upr1.exe" /INCREMENTAL /NOLOGO kernel32.lib user32.lib gdi32.lib winspool.lib comdlg32.lib advapi32.lib shell32.lib ole32.lib oleaut32.lib uuid.lib odbc32.lib odbccp32.lib /MANIFEST /MANIFESTUAC:"level='asInvoker' uiAccess='false'" /manifest:embed /DEBUG /PDB:"E:\visual studio projects\upr1\upr1 zad 5,6,7,8,9\Debug\upr1.pdb" /SUBSYSTEM:CONSOLE /TLBID:1 /DYNAMICBASE /NXCOMPAT /IMPLIB:"E:\visual studio projects\upr1\upr1 zad 5,6,7,8,9\Debug\upr1.lib" /MACHINE:X86 Debug\9zad1upr.obj
         Debug\zad5.obj
         Debug\zada4a8upr1.obj
         Debug\zad6.obj
         Debug\zada4a7.obj
         Debug\zadacha1.obj
         Debug\zadacha2.obj
         Debug\zadacha3.obj
         upr1zad6.vcxproj -> E:\visual studio projects\upr1\upr1 zad 5,6,7,8,9\Debug\upr1.exe
     1>Done Building Project "E:\visual studio projects\upr1\upr1 zad 5,6,7,8,9\upr1zad6\upr1zad6.vcxproj" (Build target(s)).

Build succeeded.

Time Elapsed 00:00:00.88
